<?xml version="1.0" encoding="UTF-8"?>
<!-- Generated by org.testng.reporters.JUnitReportReporter -->
<testsuite skipped="0" hostname="M5-L-5194G16" name="com.gurukula.tests.StaffTest" tests="12" failures="0" timestamp="10 Jul 2018 01:45:09 GMT" time="66.463" errors="0">
  <testcase name="M5_TS01_Create_new_staff" time="7.922" classname="com.gurukula.tests.StaffTest"/>
  <testcase name="M5_TS03_Verify_StaffEdit" time="8.054" classname="com.gurukula.tests.StaffTest"/>
  <testcase name="M5_TS05_Verify_StaffView" time="5.467" classname="com.gurukula.tests.StaffTest"/>
  <testcase name="M5_TS02_Verify_StaffCreationError_Message_Handling" time="3.268" classname="com.gurukula.tests.StaffTest"/>
  <testcase name="M5_TS01_Create_new_staff" time="5.138" classname="com.gurukula.tests.StaffTest"/>
  <testcase name="M5_TS04_Verify_StaffDelete" time="8.286" classname="com.gurukula.tests.StaffTest"/>
  <testcase name="M5_TS01_Create_new_staff" time="5.788" classname="com.gurukula.tests.StaffTest"/>
  <testcase name="M5_TS01_Create_new_staff" time="5.394" classname="com.gurukula.tests.StaffTest"/>
  <testcase name="M5_TS02_Verify_StaffCreationError_Message_Handling" time="2.719" classname="com.gurukula.tests.StaffTest"/>
  <testcase name="M5_TS01_Create_new_staff" time="6.903" classname="com.gurukula.tests.StaffTest"/>
  <testcase name="M5_TS01_Create_new_staff" time="4.709" classname="com.gurukula.tests.StaffTest"/>
  <testcase name="M5_TS02_Verify_StaffCreationError_Message_Handling" time="2.815" classname="com.gurukula.tests.StaffTest"/>
</testsuite> <!-- com.gurukula.tests.StaffTest -->
