<?xml version="1.0" encoding="UTF-8"?>
<!-- Generated by org.testng.reporters.JUnitReportReporter -->
<testsuite skipped="0" hostname="M5-L-5194G16" name="com.gurukula.tests.BranchTest" tests="16" failures="0" timestamp="10 Jul 2018 01:45:09 GMT" time="72.489" errors="0">
  <testcase name="M4_TS01_Create_newBranch" time="4.351" classname="com.gurukula.tests.BranchTest"/>
  <testcase name="M4_TS02_Verify_BranchCreationError_Message_Handling" time="4.341" classname="com.gurukula.tests.BranchTest"/>
  <testcase name="M4_TS04_Verify_BranchDelete" time="6.688" classname="com.gurukula.tests.BranchTest"/>
  <testcase name="M4_TS02_Verify_BranchCreationError_Message_Handling" time="4.280" classname="com.gurukula.tests.BranchTest"/>
  <testcase name="M4_TS05_Verify_BranchView" time="5.453" classname="com.gurukula.tests.BranchTest"/>
  <testcase name="M4_TS02_Verify_BranchCreationError_Message_Handling" time="5.188" classname="com.gurukula.tests.BranchTest"/>
  <testcase name="M4_TS03_Verify_BranchEdit" time="7.454" classname="com.gurukula.tests.BranchTest"/>
  <testcase name="M4_TS02_Verify_BranchCreationError_Message_Handling" time="3.750" classname="com.gurukula.tests.BranchTest"/>
  <testcase name="M4_TS01_Create_newBranch" time="4.721" classname="com.gurukula.tests.BranchTest"/>
  <testcase name="M4_TS01_Create_newBranch" time="5.279" classname="com.gurukula.tests.BranchTest"/>
  <testcase name="M4_TS02_Verify_BranchCreationError_Message_Handling" time="3.165" classname="com.gurukula.tests.BranchTest"/>
  <testcase name="M4_TS02_Verify_BranchCreationError_Message_Handling" time="3.266" classname="com.gurukula.tests.BranchTest"/>
  <testcase name="M4_TS01_Create_newBranch" time="4.304" classname="com.gurukula.tests.BranchTest"/>
  <testcase name="M4_TS01_Create_newBranch" time="4.642" classname="com.gurukula.tests.BranchTest"/>
  <testcase name="M4_TS02_Verify_BranchCreationError_Message_Handling" time="3.418" classname="com.gurukula.tests.BranchTest"/>
  <testcase name="M4_TS02_Verify_BranchCreationError_Message_Handling" time="2.189" classname="com.gurukula.tests.BranchTest"/>
</testsuite> <!-- com.gurukula.tests.BranchTest -->
